2014-04-18 20:12:50.201 Project21[9976:70b] Multi-tasking -> Device: YES, App: YES
2014-04-18 20:12:50.221 Project21[9976:70b] Unlimited access to network resources
2014-04-18 20:12:50.499 Project21[9976:70b] Resetting plugins due to page load.
2014-04-18 20:12:50.622 Project21[9976:70b] Finished load of: file:///Users/Mcoccia/Library/Application%20Support/iPhone%20Simulator/7.1/Applications/D82893FE-2C25-4AD8-91B3-EE2EF9B13D79/Project21.app/www/index.html
objc[9976]: Class AXEmojiUtilities is implemented in both /Applications/Xcode.app/Contents/Developer/Platforms/iPhoneSimulator.platform/Developer/SDKs/iPhoneSimulator7.1.sdk/System/Library/PrivateFrameworks/AccessibilityUtilities.framework/AccessibilityUtilities and /Applications/Xcode.app/Contents/Developer/Platforms/iPhoneSimulator.platform/Developer/SDKs/iPhoneSimulator7.1.sdk/usr/lib/libAXSpeechManager.dylib. One of the two will be used. Which one is undefined.
2014-04-18 20:12:56.703 Project21[9976:70b] Cannot find executable for CFBundle 0xa5b5b30 </Applications/Xcode.app/Contents/Developer/Platforms/iPhoneSimulator.platform/Developer/SDKs/iPhoneSimulator7.1.sdk/System/Library/AccessibilityBundles/GeoServices.axbundle> (not loaded)
2014-04-18 20:12:56.709 Project21[9976:70b] Cannot find executable for CFBundle 0xa7bef60 </Applications/Xcode.app/Contents/Developer/Platforms/iPhoneSimulator.platform/Developer/SDKs/iPhoneSimulator7.1.sdk/System/Library/AccessibilityBundles/CertUIFramework.axbundle> (not loaded)
2014-04-18 20:12:56.728 Project21[9976:70b] Cannot find executable for CFBundle 0xa6bbeb0 </Applications/Xcode.app/Contents/Developer/Platforms/iPhoneSimulator.platform/Developer/SDKs/iPhoneSimulator7.1.sdk/System/Library/AccessibilityBundles/MusicLibrary.axbundle> (not loaded)
objc[10883]: Class AXEmojiUtilities is implemented in both /Applications/Xcode.app/Contents/Developer/Platforms/iPhoneSimulator.platform/Developer/SDKs/iPhoneSimulator7.1.sdk/System/Library/PrivateFrameworks/AccessibilityUtilities.framework/AccessibilityUtilities and /Applications/Xcode.app/Contents/Developer/Platforms/iPhoneSimulator.platform/Developer/SDKs/iPhoneSimulator7.1.sdk/usr/lib/libAXSpeechManager.dylib. One of the two will be used. Which one is undefined.
2014-04-18 22:45:19.594 Project21[10883:70b] Cannot find executable for CFBundle 0xa938040 </Applications/Xcode.app/Contents/Developer/Platforms/iPhoneSimulator.platform/Developer/SDKs/iPhoneSimulator7.1.sdk/System/Library/AccessibilityBundles/CertUIFramework.axbundle> (not loaded)
2014-04-18 22:45:19.598 Project21[10883:70b] Cannot find executable for CFBundle 0xa5a3e50 </Applications/Xcode.app/Contents/Developer/Platforms/iPhoneSimulator.platform/Developer/SDKs/iPhoneSimulator7.1.sdk/System/Library/AccessibilityBundles/GeoServices.axbundle> (not loaded)
2014-04-18 22:45:19.655 Project21[10883:70b] Multi-tasking -> Device: YES, App: YES
2014-04-18 22:45:19.685 Project21[10883:70b] Unlimited access to network resources
2014-04-18 22:45:20.013 Project21[10883:70b] Resetting plugins due to page load.
2014-04-18 22:45:20.097 Project21[10883:70b] Finished load of: file:///Users/Mcoccia/Library/Application%20Support/iPhone%20Simulator/7.1/Applications/D82893FE-2C25-4AD8-91B3-EE2EF9B13D79/Project21.app/www/index.html
objc[11663]: Class AXEmojiUtilities is implemented in both /Applications/Xcode.app/Contents/Developer/Platforms/iPhoneSimulator.platform/Developer/SDKs/iPhoneSimulator7.1.sdk/System/Library/PrivateFrameworks/AccessibilityUtilities.framework/AccessibilityUtilities and /Applications/Xcode.app/Contents/Developer/Platforms/iPhoneSimulator.platform/Developer/SDKs/iPhoneSimulator7.1.sdk/usr/lib/libAXSpeechManager.dylib. One of the two will be used. Which one is undefined.
2014-04-19 18:09:56.432 Project21[11663:70b] Cannot find executable for CFBundle 0xa4d70b0 </Applications/Xcode.app/Contents/Developer/Platforms/iPhoneSimulator.platform/Developer/SDKs/iPhoneSimulator7.1.sdk/System/Library/AccessibilityBundles/CertUIFramework.axbundle> (not loaded)
2014-04-19 18:09:56.437 Project21[11663:70b] Cannot find executable for CFBundle 0xa4f27d0 </Applications/Xcode.app/Contents/Developer/Platforms/iPhoneSimulator.platform/Developer/SDKs/iPhoneSimulator7.1.sdk/System/Library/AccessibilityBundles/GeoServices.axbundle> (not loaded)
2014-04-19 18:09:56.492 Project21[11663:70b] Multi-tasking -> Device: YES, App: YES
2014-04-19 18:09:56.525 Project21[11663:70b] Unlimited access to network resources
2014-04-19 18:09:56.826 Project21[11663:70b] Resetting plugins due to page load.
2014-04-19 18:09:56.933 Project21[11663:70b] Finished load of: file:///Users/Mcoccia/Library/Application%20Support/iPhone%20Simulator/7.1/Applications/D82893FE-2C25-4AD8-91B3-EE2EF9B13D79/Project21.app/www/index.html
objc[14342]: Class AXEmojiUtilities is implemented in both /Applications/Xcode.app/Contents/Developer/Platforms/iPhoneSimulator.platform/Developer/SDKs/iPhoneSimulator7.1.sdk/System/Library/PrivateFrameworks/AccessibilityUtilities.framework/AccessibilityUtilities and /Applications/Xcode.app/Contents/Developer/Platforms/iPhoneSimulator.platform/Developer/SDKs/iPhoneSimulator7.1.sdk/usr/lib/libAXSpeechManager.dylib. One of the two will be used. Which one is undefined.
2014-04-20 22:46:13.633 Project21[14342:70b] Cannot find executable for CFBundle 0xa364fa0 </Applications/Xcode.app/Contents/Developer/Platforms/iPhoneSimulator.platform/Developer/SDKs/iPhoneSimulator7.1.sdk/System/Library/AccessibilityBundles/CertUIFramework.axbundle> (not loaded)
2014-04-20 22:46:13.641 Project21[14342:70b] Cannot find executable for CFBundle 0xa734720 </Applications/Xcode.app/Contents/Developer/Platforms/iPhoneSimulator.platform/Developer/SDKs/iPhoneSimulator7.1.sdk/System/Library/AccessibilityBundles/GeoServices.axbundle> (not loaded)
2014-04-20 22:46:13.698 Project21[14342:70b] Multi-tasking -> Device: YES, App: YES
2014-04-20 22:46:13.720 Project21[14342:70b] Unlimited access to network resources
2014-04-20 22:46:14.026 Project21[14342:70b] Resetting plugins due to page load.
2014-04-20 22:46:14.120 Project21[14342:70b] Finished load of: file:///Users/Mcoccia/Library/Application%20Support/iPhone%20Simulator/7.1/Applications/D82893FE-2C25-4AD8-91B3-EE2EF9B13D79/Project21.app/www/index.html
objc[14812]: Class AXEmojiUtilities is implemented in both /Applications/Xcode.app/Contents/Developer/Platforms/iPhoneSimulator.platform/Developer/SDKs/iPhoneSimulator7.1.sdk/System/Library/PrivateFrameworks/AccessibilityUtilities.framework/AccessibilityUtilities and /Applications/Xcode.app/Contents/Developer/Platforms/iPhoneSimulator.platform/Developer/SDKs/iPhoneSimulator7.1.sdk/usr/lib/libAXSpeechManager.dylib. One of the two will be used. Which one is undefined.
2014-04-21 00:23:43.483 Project21[14812:70b] Cannot find executable for CFBundle 0xa687300 </Applications/Xcode.app/Contents/Developer/Platforms/iPhoneSimulator.platform/Developer/SDKs/iPhoneSimulator7.1.sdk/System/Library/AccessibilityBundles/GeoServices.axbundle> (not loaded)
2014-04-21 00:23:43.490 Project21[14812:70b] Cannot find executable for CFBundle 0xa535a60 </Applications/Xcode.app/Contents/Developer/Platforms/iPhoneSimulator.platform/Developer/SDKs/iPhoneSimulator7.1.sdk/System/Library/AccessibilityBundles/CertUIFramework.axbundle> (not loaded)
2014-04-21 00:23:43.543 Project21[14812:70b] Multi-tasking -> Device: YES, App: YES
2014-04-21 00:23:43.575 Project21[14812:70b] Unlimited access to network resources
2014-04-21 00:23:43.997 Project21[14812:70b] Resetting plugins due to page load.
2014-04-21 00:23:44.197 Project21[14812:70b] Finished load of: file:///Users/Mcoccia/Library/Application%20Support/iPhone%20Simulator/7.1/Applications/D82893FE-2C25-4AD8-91B3-EE2EF9B13D79/Project21.app/www/index.html
objc[15037]: Class AXEmojiUtilities is implemented in both /Applications/Xcode.app/Contents/Developer/Platforms/iPhoneSimulator.platform/Developer/SDKs/iPhoneSimulator7.1.sdk/System/Library/PrivateFrameworks/AccessibilityUtilities.framework/AccessibilityUtilities and /Applications/Xcode.app/Contents/Developer/Platforms/iPhoneSimulator.platform/Developer/SDKs/iPhoneSimulator7.1.sdk/usr/lib/libAXSpeechManager.dylib. One of the two will be used. Which one is undefined.
2014-04-21 00:25:34.399 Project21[15037:70b] Cannot find executable for CFBundle 0xa71e8f0 </Applications/Xcode.app/Contents/Developer/Platforms/iPhoneSimulator.platform/Developer/SDKs/iPhoneSimulator7.1.sdk/System/Library/AccessibilityBundles/CertUIFramework.axbundle> (not loaded)
2014-04-21 00:25:34.405 Project21[15037:70b] Cannot find executable for CFBundle 0xa7587f0 </Applications/Xcode.app/Contents/Developer/Platforms/iPhoneSimulator.platform/Developer/SDKs/iPhoneSimulator7.1.sdk/System/Library/AccessibilityBundles/GeoServices.axbundle> (not loaded)
2014-04-21 00:25:34.431 Project21[15037:70b] Multi-tasking -> Device: YES, App: YES
2014-04-21 00:25:34.436 Project21[15037:70b] Unlimited access to network resources
2014-04-21 00:25:34.536 Project21[15037:70b] Resetting plugins due to page load.
2014-04-21 00:25:34.724 Project21[15037:70b] Finished load of: file:///Users/Mcoccia/Library/Application%20Support/iPhone%20Simulator/7.1/Applications/D82893FE-2C25-4AD8-91B3-EE2EF9B13D79/Project21.app/www/index.html
objc[15691]: Class AXEmojiUtilities is implemented in both /Applications/Xcode.app/Contents/Developer/Platforms/iPhoneSimulator.platform/Developer/SDKs/iPhoneSimulator7.1.sdk/System/Library/PrivateFrameworks/AccessibilityUtilities.framework/AccessibilityUtilities and /Applications/Xcode.app/Contents/Developer/Platforms/iPhoneSimulator.platform/Developer/SDKs/iPhoneSimulator7.1.sdk/usr/lib/libAXSpeechManager.dylib. One of the two will be used. Which one is undefined.
2014-04-21 09:07:03.822 Project21[15691:70b] Cannot find executable for CFBundle 0xa2abc20 </Applications/Xcode.app/Contents/Developer/Platforms/iPhoneSimulator.platform/Developer/SDKs/iPhoneSimulator7.1.sdk/System/Library/AccessibilityBundles/GeoServices.axbundle> (not loaded)
2014-04-21 09:07:03.829 Project21[15691:70b] Cannot find executable for CFBundle 0xa4872f0 </Applications/Xcode.app/Contents/Developer/Platforms/iPhoneSimulator.platform/Developer/SDKs/iPhoneSimulator7.1.sdk/System/Library/AccessibilityBundles/CertUIFramework.axbundle> (not loaded)
2014-04-21 09:07:03.886 Project21[15691:70b] Multi-tasking -> Device: YES, App: YES
2014-04-21 09:07:03.906 Project21[15691:70b] Unlimited access to network resources
2014-04-21 09:07:04.211 Project21[15691:70b] Resetting plugins due to page load.
2014-04-21 09:07:04.433 Project21[15691:70b] Finished load of: file:///Users/Mcoccia/Library/Application%20Support/iPhone%20Simulator/7.1/Applications/D82893FE-2C25-4AD8-91B3-EE2EF9B13D79/Project21.app/www/index.html
objc[20419]: Class AXEmojiUtilities is implemented in both /Applications/Xcode.app/Contents/Developer/Platforms/iPhoneSimulator.platform/Developer/SDKs/iPhoneSimulator7.1.sdk/System/Library/PrivateFrameworks/AccessibilityUtilities.framework/AccessibilityUtilities and /Applications/Xcode.app/Contents/Developer/Platforms/iPhoneSimulator.platform/Developer/SDKs/iPhoneSimulator7.1.sdk/usr/lib/libAXSpeechManager.dylib. One of the two will be used. Which one is undefined.
2014-04-21 11:29:59.204 Project21[20419:70b] Cannot find executable for CFBundle 0xa244c40 </Applications/Xcode.app/Contents/Developer/Platforms/iPhoneSimulator.platform/Developer/SDKs/iPhoneSimulator7.1.sdk/System/Library/AccessibilityBundles/CertUIFramework.axbundle> (not loaded)
2014-04-21 11:29:59.213 Project21[20419:70b] Cannot find executable for CFBundle 0xa837690 </Applications/Xcode.app/Contents/Developer/Platforms/iPhoneSimulator.platform/Developer/SDKs/iPhoneSimulator7.1.sdk/System/Library/AccessibilityBundles/GeoServices.axbundle> (not loaded)
2014-04-21 11:29:59.245 Project21[20419:70b] Multi-tasking -> Device: YES, App: YES
2014-04-21 11:29:59.251 Project21[20419:70b] Unlimited access to network resources
2014-04-21 11:29:59.353 Project21[20419:70b] Resetting plugins due to page load.
2014-04-21 11:29:59.568 Project21[20419:70b] Finished load of: file:///Users/Mcoccia/Library/Application%20Support/iPhone%20Simulator/7.1/Applications/D82893FE-2C25-4AD8-91B3-EE2EF9B13D79/Project21.app/www/index.html
objc[20654]: Class AXEmojiUtilities is implemented in both /Applications/Xcode.app/Contents/Developer/Platforms/iPhoneSimulator.platform/Developer/SDKs/iPhoneSimulator7.1.sdk/System/Library/PrivateFrameworks/AccessibilityUtilities.framework/AccessibilityUtilities and /Applications/Xcode.app/Contents/Developer/Platforms/iPhoneSimulator.platform/Developer/SDKs/iPhoneSimulator7.1.sdk/usr/lib/libAXSpeechManager.dylib. One of the two will be used. Which one is undefined.
2014-04-21 11:32:04.568 Project21[20654:70b] Cannot find executable for CFBundle 0xa47aa10 </Applications/Xcode.app/Contents/Developer/Platforms/iPhoneSimulator.platform/Developer/SDKs/iPhoneSimulator7.1.sdk/System/Library/AccessibilityBundles/GeoServices.axbundle> (not loaded)
2014-04-21 11:32:04.572 Project21[20654:70b] Cannot find executable for CFBundle 0xa49a450 </Applications/Xcode.app/Contents/Developer/Platforms/iPhoneSimulator.platform/Developer/SDKs/iPhoneSimulator7.1.sdk/System/Library/AccessibilityBundles/CertUIFramework.axbundle> (not loaded)
2014-04-21 11:32:04.599 Project21[20654:70b] Multi-tasking -> Device: YES, App: YES
2014-04-21 11:32:04.604 Project21[20654:70b] Unlimited access to network resources
2014-04-21 11:32:04.726 Project21[20654:70b] Resetting plugins due to page load.
2014-04-21 11:32:04.840 Project21[20654:70b] Finished load of: file:///Users/Mcoccia/Library/Application%20Support/iPhone%20Simulator/7.1/Applications/D82893FE-2C25-4AD8-91B3-EE2EF9B13D79/Project21.app/www/index.html
